<?xml version="1.0" encoding="UTF-8" ?>
<testsuite failures="1" time="6.889" errors="0" skipped="4" tests="102" name="org.openmrs.api.PatientServiceTest">
  <properties>
    <property name="java.runtime.name" value="Java(TM) SE Runtime Environment"/>
    <property name="sun.boot.library.path" value="/System/Library/Frameworks/JavaVM.framework/Versions/1.6.0/Libraries"/>
    <property name="java.vm.version" value="14.3-b01-101"/>
    <property name="awt.nativeDoubleBuffering" value="true"/>
    <property name="gopherProxySet" value="false"/>
    <property name="mrj.build" value="10M3025"/>
    <property name="java.vm.vendor" value="Apple Inc."/>
    <property name="java.vendor.url" value="http://www.apple.com/"/>
    <property name="path.separator" value=":"/>
    <property name="java.vm.name" value="Java HotSpot(TM) 64-Bit Server VM"/>
    <property name="file.encoding.pkg" value="sun.io"/>
    <property name="user.country" value="US"/>
    <property name="sun.java.launcher" value="SUN_STANDARD"/>
    <property name="sun.os.patch.level" value="unknown"/>
    <property name="java.vm.specification.name" value="Java Virtual Machine Specification"/>
    <property name="user.dir" value="/Users/diptanuc/projects/maven/api"/>
    <property name="java.runtime.version" value="1.6.0_17-b04-248-10M3025"/>
    <property name="java.awt.graphicsenv" value="apple.awt.CGraphicsEnvironment"/>
    <property name="basedir" value="/Users/diptanuc/projects/maven/api"/>
    <property name="java.endorsed.dirs" value="/System/Library/Frameworks/JavaVM.framework/Versions/1.6.0/Home/lib/endorsed"/>
    <property name="os.arch" value="x86_64"/>
    <property name="surefire.real.class.path" value="/var/folders/xf/xfBnjA1gH5yQ8B-w9qCZPE+++TI/-Tmp-/surefirebooter2218059607749533349.jar"/>
    <property name="java.io.tmpdir" value="/var/folders/xf/xfBnjA1gH5yQ8B-w9qCZPE+++TI/-Tmp-/"/>
    <property name="line.separator" value="
"/>
    <property name="java.vm.specification.vendor" value="Sun Microsystems Inc."/>
    <property name="os.name" value="Mac OS X"/>
    <property name="sun.jnu.encoding" value="MacRoman"/>
    <property name="java.library.path" value=".:/Library/Java/Extensions:/System/Library/Java/Extensions:/usr/lib/java"/>
    <property name="surefire.test.class.path" value="/Users/diptanuc/projects/maven/api/target/test-classes:/Users/diptanuc/projects/maven/api/target/classes:/Users/diptanuc/.m2/repository/commons-collections/commons-collections/3.2/commons-collections-3.2.jar:/Users/diptanuc/.m2/repository/org/apache/velocity/velocity/1.6.2/velocity-1.6.2.jar:/Users/diptanuc/.m2/repository/commons-lang/commons-lang/2.4/commons-lang-2.4.jar:/Users/diptanuc/.m2/repository/log4j/log4j/1.2.15/log4j-1.2.15.jar:/Users/diptanuc/.m2/repository/javax/mail/mail/1.4.1/mail-1.4.1.jar:/Users/diptanuc/.m2/repository/javax/activation/activation/1.1/activation-1.1.jar:/Users/diptanuc/.m2/repository/org/springframework/spring-core/2.5.6/spring-core-2.5.6.jar:/Users/diptanuc/.m2/repository/org/springframework/spring-beans/2.5.6/spring-beans-2.5.6.jar:/Users/diptanuc/.m2/repository/org/springframework/spring-context/2.5.6/spring-context-2.5.6.jar:/Users/diptanuc/.m2/repository/aopalliance/aopalliance/1.0/aopalliance-1.0.jar:/Users/diptanuc/.m2/repository/org/springframework/spring-aop/2.5.6/spring-aop-2.5.6.jar:/Users/diptanuc/.m2/repository/org/springframework/spring-orm/2.5.6/spring-orm-2.5.6.jar:/Users/diptanuc/.m2/repository/org/springframework/spring-tx/2.5.6/spring-tx-2.5.6.jar:/Users/diptanuc/.m2/repository/org/springframework/spring-jdbc/2.5.6/spring-jdbc-2.5.6.jar:/Users/diptanuc/.m2/repository/ca/uhn/hapi/hapi/0.5/hapi-0.5.jar:/Users/diptanuc/.m2/repository/xerces/xercesImpl/2.8.0/xercesImpl-2.8.0.jar:/Users/diptanuc/.m2/repository/xml-apis/xml-apis/1.3.03/xml-apis-1.3.03.jar:/Users/diptanuc/.m2/repository/org/simpleframework/simple-xml/1.6.1-mod/simple-xml-1.6.1-mod.jar:/Users/diptanuc/.m2/repository/stax/stax/1.2.0/stax-1.2.0.jar:/Users/diptanuc/.m2/repository/stax/stax-api/1.0.1/stax-api-1.0.1.jar:/Users/diptanuc/.m2/repository/org/hibernate/hibernate/3.2.5.ga-mod/hibernate-3.2.5.ga-mod.jar:/Users/diptanuc/.m2/repository/net/sf/ehcache/ehcache/1.2.4/ehcache-1.2.4.jar:/Users/diptanuc/.m2/repository/javax/transaction/jta/1.0.1B/jta-1.0.1B.jar:/Users/diptanuc/.m2/repository/dom4j/dom4j/1.6.1/dom4j-1.6.1.jar:/Users/diptanuc/.m2/repository/antlr/antlr/2.7.6/antlr-2.7.6.jar:/Users/diptanuc/.m2/repository/cglib/cglib/2.1_3/cglib-2.1_3.jar:/Users/diptanuc/.m2/repository/asm/asm/1.5.3/asm-1.5.3.jar:/Users/diptanuc/.m2/repository/c3p0/c3p0/0.9.1/c3p0-0.9.1.jar:/Users/diptanuc/.m2/repository/org/slf4j/slf4j-api/1.5.6/slf4j-api-1.5.6.jar:/Users/diptanuc/.m2/repository/org/slf4j/jcl-over-slf4j/1.5.6/jcl-over-slf4j-1.5.6.jar:/Users/diptanuc/.m2/repository/org/slf4j/slf4j-log4j12/1.5.6/slf4j-log4j12-1.5.6.jar:/Users/diptanuc/.m2/repository/com/thoughtworks/xstream/xstream/1.3.1/xstream-1.3.1.jar:/Users/diptanuc/.m2/repository/org/liquibase/liquibase-core/1.9.4-mod/liquibase-core-1.9.4-mod.jar:/Users/diptanuc/.m2/repository/xml-resolver/xml-resolver/1.1/xml-resolver-1.1.jar:/Users/diptanuc/.m2/repository/org/hibernate/hibernate-search/3.1.1.GA/hibernate-search-3.1.1.GA.jar:/Users/diptanuc/.m2/repository/org/hibernate/hibernate-core/3.3.1.GA/hibernate-core-3.3.1.GA.jar:/Users/diptanuc/.m2/repository/org/hibernate/hibernate-commons-annotations/3.1.0.GA/hibernate-commons-annotations-3.1.0.GA.jar:/Users/diptanuc/.m2/repository/org/hibernate/ejb3-persistence/1.0.2.GA/ejb3-persistence-1.0.2.GA.jar:/Users/diptanuc/.m2/repository/org/apache/lucene/lucene-core/2.4.1/lucene-core-2.4.1.jar:/Users/diptanuc/.m2/repository/hsqldb/hsqldb/1.8.0.2/hsqldb-1.8.0.2.jar:/Users/diptanuc/.m2/repository/org/hibernate/hibernate-annotations/3.4.0.GA/hibernate-annotations-3.4.0.GA.jar:/Users/diptanuc/.m2/repository/org/hibernate/hibernate-entitymanager/3.4.0.GA/hibernate-entitymanager-3.4.0.GA.jar:/Users/diptanuc/.m2/repository/javassist/javassist/3.4.GA/javassist-3.4.GA.jar:/Users/diptanuc/.m2/repository/org/apache/solr/solr-common/1.3.0/solr-common-1.3.0.jar:/Users/diptanuc/.m2/repository/org/apache/solr/solr-core/1.3.0/solr-core-1.3.0.jar:/Users/diptanuc/.m2/repository/org/apache/solr/solr-solrj/1.3.0/solr-solrj-1.3.0.jar:/Users/diptanuc/.m2/repository/commons-httpclient/commons-httpclient/3.1/commons-httpclient-3.1.jar:/Users/diptanuc/.m2/repository/commons-logging/commons-logging/1.0.4/commons-logging-1.0.4.jar:/Users/diptanuc/.m2/repository/commons-codec/commons-codec/1.3/commons-codec-1.3.jar:/Users/diptanuc/.m2/repository/org/apache/commons/commons-io/1.3.2/commons-io-1.3.2.jar:/Users/diptanuc/.m2/repository/commons-fileupload/commons-fileupload/1.2.1/commons-fileupload-1.2.1.jar:/Users/diptanuc/.m2/repository/net/java/dev/stax-utils/stax-utils/20040917/stax-utils-20040917.jar:/Users/diptanuc/.m2/repository/org/apache/solr/solr-lucene-analyzers/1.3.0/solr-lucene-analyzers-1.3.0.jar:/Users/diptanuc/.m2/repository/org/apache/solr/solr-lucene-core/1.3.0/solr-lucene-core-1.3.0.jar:/Users/diptanuc/.m2/repository/org/apache/solr/solr-lucene-highlighter/1.3.0/solr-lucene-highlighter-1.3.0.jar:/Users/diptanuc/.m2/repository/org/apache/solr/solr-lucene-queries/1.3.0/solr-lucene-queries-1.3.0.jar:/Users/diptanuc/.m2/repository/org/apache/solr/solr-lucene-snowball/1.3.0/solr-lucene-snowball-1.3.0.jar:/Users/diptanuc/.m2/repository/org/apache/solr/solr-lucene-spellchecker/1.3.0/solr-lucene-spellchecker-1.3.0.jar:/Users/diptanuc/.m2/repository/org/apache/solr/solr-commons-csv/1.3.0/solr-commons-csv-1.3.0.jar:/Users/diptanuc/.m2/repository/woodstox/wstx-asl/3.2.7/wstx-asl-3.2.7.jar:/Users/diptanuc/.m2/repository/org/apache/geronimo/specs/geronimo-stax-api_1.0_spec/1.0.1/geronimo-stax-api_1.0_spec-1.0.1.jar:/Users/diptanuc/.m2/repository/org/apache/lucene/lucene-snowball/2.4.1/lucene-snowball-2.4.1.jar:/Users/diptanuc/.m2/repository/org/springframework/spring-test/2.5.6/spring-test-2.5.6.jar:/Users/diptanuc/.m2/repository/junit/junit/4.4/junit-4.4.jar:/Users/diptanuc/.m2/repository/org/databene/databene-benerator/0.5.9/databene-benerator-0.5.9.jar:/Users/diptanuc/.m2/repository/org/databene/databene-webdecs/0.4.9/databene-webdecs-0.4.9.jar:/Users/diptanuc/.m2/repository/org/databene/databene-commons/0.4.9/databene-commons-0.4.9.jar:/Users/diptanuc/.m2/repository/org/apache/poi/poi/3.5-beta5/poi-3.5-beta5.jar:/Users/diptanuc/.m2/repository/org/freemarker/freemarker/2.3.9/freemarker-2.3.9.jar:/Users/diptanuc/.m2/repository/org/databene/databene-gui/0.1.9/databene-gui-0.1.9.jar:/Users/diptanuc/.m2/repository/net/sourceforge/jtds/jtds/1.2.2/jtds-1.2.2.jar:/Users/diptanuc/.m2/repository/mysql/mysql-connector-java/5.1.8/mysql-connector-java-5.1.8.jar:/Users/diptanuc/.m2/repository/org/apache/derby/derbyclient/10.4.2.0/derbyclient-10.4.2.0.jar:/Users/diptanuc/.m2/repository/postgresql/postgresql/8.3-603.jdbc4/postgresql-8.3-603.jdbc4.jar:/Users/diptanuc/.m2/repository/org/dbunit/dbunit/2.4.7/dbunit-2.4.7.jar:/Users/diptanuc/.m2/repository/xmlunit/xmlunit/1.3/xmlunit-1.3.jar:"/>
    <property name="java.specification.name" value="Java Platform API Specification"/>
    <property name="java.class.version" value="50.0"/>
    <property name="sun.management.compiler" value="HotSpot 64-Bit Server Compiler"/>
    <property name="os.version" value="10.6.3"/>
    <property name="http.nonProxyHosts" value="local|*.local|169.254/16|*.169.254/16"/>
    <property name="user.home" value="/Users/diptanuc"/>
    <property name="user.timezone" value="Asia/Calcutta"/>
    <property name="java.awt.printerjob" value="apple.awt.CPrinterJob"/>
    <property name="java.specification.version" value="1.6"/>
    <property name="file.encoding" value="MacRoman"/>
    <property name="user.name" value="diptanuc"/>
    <property name="java.class.path" value="/Users/diptanuc/projects/maven/api/target/test-classes:/Users/diptanuc/projects/maven/api/target/classes:/Users/diptanuc/.m2/repository/commons-collections/commons-collections/3.2/commons-collections-3.2.jar:/Users/diptanuc/.m2/repository/org/apache/velocity/velocity/1.6.2/velocity-1.6.2.jar:/Users/diptanuc/.m2/repository/commons-lang/commons-lang/2.4/commons-lang-2.4.jar:/Users/diptanuc/.m2/repository/log4j/log4j/1.2.15/log4j-1.2.15.jar:/Users/diptanuc/.m2/repository/javax/mail/mail/1.4.1/mail-1.4.1.jar:/Users/diptanuc/.m2/repository/javax/activation/activation/1.1/activation-1.1.jar:/Users/diptanuc/.m2/repository/org/springframework/spring-core/2.5.6/spring-core-2.5.6.jar:/Users/diptanuc/.m2/repository/org/springframework/spring-beans/2.5.6/spring-beans-2.5.6.jar:/Users/diptanuc/.m2/repository/org/springframework/spring-context/2.5.6/spring-context-2.5.6.jar:/Users/diptanuc/.m2/repository/aopalliance/aopalliance/1.0/aopalliance-1.0.jar:/Users/diptanuc/.m2/repository/org/springframework/spring-aop/2.5.6/spring-aop-2.5.6.jar:/Users/diptanuc/.m2/repository/org/springframework/spring-orm/2.5.6/spring-orm-2.5.6.jar:/Users/diptanuc/.m2/repository/org/springframework/spring-tx/2.5.6/spring-tx-2.5.6.jar:/Users/diptanuc/.m2/repository/org/springframework/spring-jdbc/2.5.6/spring-jdbc-2.5.6.jar:/Users/diptanuc/.m2/repository/ca/uhn/hapi/hapi/0.5/hapi-0.5.jar:/Users/diptanuc/.m2/repository/xerces/xercesImpl/2.8.0/xercesImpl-2.8.0.jar:/Users/diptanuc/.m2/repository/xml-apis/xml-apis/1.3.03/xml-apis-1.3.03.jar:/Users/diptanuc/.m2/repository/org/simpleframework/simple-xml/1.6.1-mod/simple-xml-1.6.1-mod.jar:/Users/diptanuc/.m2/repository/stax/stax/1.2.0/stax-1.2.0.jar:/Users/diptanuc/.m2/repository/stax/stax-api/1.0.1/stax-api-1.0.1.jar:/Users/diptanuc/.m2/repository/org/hibernate/hibernate/3.2.5.ga-mod/hibernate-3.2.5.ga-mod.jar:/Users/diptanuc/.m2/repository/net/sf/ehcache/ehcache/1.2.4/ehcache-1.2.4.jar:/Users/diptanuc/.m2/repository/javax/transaction/jta/1.0.1B/jta-1.0.1B.jar:/Users/diptanuc/.m2/repository/dom4j/dom4j/1.6.1/dom4j-1.6.1.jar:/Users/diptanuc/.m2/repository/antlr/antlr/2.7.6/antlr-2.7.6.jar:/Users/diptanuc/.m2/repository/cglib/cglib/2.1_3/cglib-2.1_3.jar:/Users/diptanuc/.m2/repository/asm/asm/1.5.3/asm-1.5.3.jar:/Users/diptanuc/.m2/repository/c3p0/c3p0/0.9.1/c3p0-0.9.1.jar:/Users/diptanuc/.m2/repository/org/slf4j/slf4j-api/1.5.6/slf4j-api-1.5.6.jar:/Users/diptanuc/.m2/repository/org/slf4j/jcl-over-slf4j/1.5.6/jcl-over-slf4j-1.5.6.jar:/Users/diptanuc/.m2/repository/org/slf4j/slf4j-log4j12/1.5.6/slf4j-log4j12-1.5.6.jar:/Users/diptanuc/.m2/repository/com/thoughtworks/xstream/xstream/1.3.1/xstream-1.3.1.jar:/Users/diptanuc/.m2/repository/org/liquibase/liquibase-core/1.9.4-mod/liquibase-core-1.9.4-mod.jar:/Users/diptanuc/.m2/repository/xml-resolver/xml-resolver/1.1/xml-resolver-1.1.jar:/Users/diptanuc/.m2/repository/org/hibernate/hibernate-search/3.1.1.GA/hibernate-search-3.1.1.GA.jar:/Users/diptanuc/.m2/repository/org/hibernate/hibernate-core/3.3.1.GA/hibernate-core-3.3.1.GA.jar:/Users/diptanuc/.m2/repository/org/hibernate/hibernate-commons-annotations/3.1.0.GA/hibernate-commons-annotations-3.1.0.GA.jar:/Users/diptanuc/.m2/repository/org/hibernate/ejb3-persistence/1.0.2.GA/ejb3-persistence-1.0.2.GA.jar:/Users/diptanuc/.m2/repository/org/apache/lucene/lucene-core/2.4.1/lucene-core-2.4.1.jar:/Users/diptanuc/.m2/repository/hsqldb/hsqldb/1.8.0.2/hsqldb-1.8.0.2.jar:/Users/diptanuc/.m2/repository/org/hibernate/hibernate-annotations/3.4.0.GA/hibernate-annotations-3.4.0.GA.jar:/Users/diptanuc/.m2/repository/org/hibernate/hibernate-entitymanager/3.4.0.GA/hibernate-entitymanager-3.4.0.GA.jar:/Users/diptanuc/.m2/repository/javassist/javassist/3.4.GA/javassist-3.4.GA.jar:/Users/diptanuc/.m2/repository/org/apache/solr/solr-common/1.3.0/solr-common-1.3.0.jar:/Users/diptanuc/.m2/repository/org/apache/solr/solr-core/1.3.0/solr-core-1.3.0.jar:/Users/diptanuc/.m2/repository/org/apache/solr/solr-solrj/1.3.0/solr-solrj-1.3.0.jar:/Users/diptanuc/.m2/repository/commons-httpclient/commons-httpclient/3.1/commons-httpclient-3.1.jar:/Users/diptanuc/.m2/repository/commons-logging/commons-logging/1.0.4/commons-logging-1.0.4.jar:/Users/diptanuc/.m2/repository/commons-codec/commons-codec/1.3/commons-codec-1.3.jar:/Users/diptanuc/.m2/repository/org/apache/commons/commons-io/1.3.2/commons-io-1.3.2.jar:/Users/diptanuc/.m2/repository/commons-fileupload/commons-fileupload/1.2.1/commons-fileupload-1.2.1.jar:/Users/diptanuc/.m2/repository/net/java/dev/stax-utils/stax-utils/20040917/stax-utils-20040917.jar:/Users/diptanuc/.m2/repository/org/apache/solr/solr-lucene-analyzers/1.3.0/solr-lucene-analyzers-1.3.0.jar:/Users/diptanuc/.m2/repository/org/apache/solr/solr-lucene-core/1.3.0/solr-lucene-core-1.3.0.jar:/Users/diptanuc/.m2/repository/org/apache/solr/solr-lucene-highlighter/1.3.0/solr-lucene-highlighter-1.3.0.jar:/Users/diptanuc/.m2/repository/org/apache/solr/solr-lucene-queries/1.3.0/solr-lucene-queries-1.3.0.jar:/Users/diptanuc/.m2/repository/org/apache/solr/solr-lucene-snowball/1.3.0/solr-lucene-snowball-1.3.0.jar:/Users/diptanuc/.m2/repository/org/apache/solr/solr-lucene-spellchecker/1.3.0/solr-lucene-spellchecker-1.3.0.jar:/Users/diptanuc/.m2/repository/org/apache/solr/solr-commons-csv/1.3.0/solr-commons-csv-1.3.0.jar:/Users/diptanuc/.m2/repository/woodstox/wstx-asl/3.2.7/wstx-asl-3.2.7.jar:/Users/diptanuc/.m2/repository/org/apache/geronimo/specs/geronimo-stax-api_1.0_spec/1.0.1/geronimo-stax-api_1.0_spec-1.0.1.jar:/Users/diptanuc/.m2/repository/org/apache/lucene/lucene-snowball/2.4.1/lucene-snowball-2.4.1.jar:/Users/diptanuc/.m2/repository/org/springframework/spring-test/2.5.6/spring-test-2.5.6.jar:/Users/diptanuc/.m2/repository/junit/junit/4.4/junit-4.4.jar:/Users/diptanuc/.m2/repository/org/databene/databene-benerator/0.5.9/databene-benerator-0.5.9.jar:/Users/diptanuc/.m2/repository/org/databene/databene-webdecs/0.4.9/databene-webdecs-0.4.9.jar:/Users/diptanuc/.m2/repository/org/databene/databene-commons/0.4.9/databene-commons-0.4.9.jar:/Users/diptanuc/.m2/repository/org/apache/poi/poi/3.5-beta5/poi-3.5-beta5.jar:/Users/diptanuc/.m2/repository/org/freemarker/freemarker/2.3.9/freemarker-2.3.9.jar:/Users/diptanuc/.m2/repository/org/databene/databene-gui/0.1.9/databene-gui-0.1.9.jar:/Users/diptanuc/.m2/repository/net/sourceforge/jtds/jtds/1.2.2/jtds-1.2.2.jar:/Users/diptanuc/.m2/repository/mysql/mysql-connector-java/5.1.8/mysql-connector-java-5.1.8.jar:/Users/diptanuc/.m2/repository/org/apache/derby/derbyclient/10.4.2.0/derbyclient-10.4.2.0.jar:/Users/diptanuc/.m2/repository/postgresql/postgresql/8.3-603.jdbc4/postgresql-8.3-603.jdbc4.jar:/Users/diptanuc/.m2/repository/org/dbunit/dbunit/2.4.7/dbunit-2.4.7.jar:/Users/diptanuc/.m2/repository/xmlunit/xmlunit/1.3/xmlunit-1.3.jar:"/>
    <property name="java.vm.specification.version" value="1.0"/>
    <property name="sun.arch.data.model" value="64"/>
    <property name="java.home" value="/System/Library/Frameworks/JavaVM.framework/Versions/1.6.0/Home"/>
    <property name="java.specification.vendor" value="Sun Microsystems Inc."/>
    <property name="user.language" value="en"/>
    <property name="awt.toolkit" value="apple.awt.CToolkit"/>
    <property name="java.vm.info" value="mixed mode"/>
    <property name="java.version" value="1.6.0_17"/>
    <property name="java.ext.dirs" value="/Library/Java/Extensions:/System/Library/Java/Extensions:/System/Library/Frameworks/JavaVM.framework/Versions/1.6.0/Home/lib/ext"/>
    <property name="sun.boot.class.path" value="/System/Library/Frameworks/JavaVM.framework/Versions/1.6.0/Classes/jsfd.jar:/System/Library/Frameworks/JavaVM.framework/Versions/1.6.0/Classes/classes.jar:/System/Library/Frameworks/JavaVM.framework/Frameworks/JavaRuntimeSupport.framework/Resources/Java/JavaRuntimeSupport.jar:/System/Library/Frameworks/JavaVM.framework/Versions/1.6.0/Classes/ui.jar:/System/Library/Frameworks/JavaVM.framework/Versions/1.6.0/Classes/laf.jar:/System/Library/Frameworks/JavaVM.framework/Versions/1.6.0/Classes/sunrsasign.jar:/System/Library/Frameworks/JavaVM.framework/Versions/1.6.0/Classes/jsse.jar:/System/Library/Frameworks/JavaVM.framework/Versions/1.6.0/Classes/jce.jar:/System/Library/Frameworks/JavaVM.framework/Versions/1.6.0/Classes/charsets.jar"/>
    <property name="java.vendor" value="Apple Inc."/>
    <property name="localRepository" value="/Users/diptanuc/.m2/repository"/>
    <property name="file.separator" value="/"/>
    <property name="java.vendor.url.bug" value="http://bugreport.apple.com/"/>
    <property name="sun.cpu.endian" value="little"/>
    <property name="sun.io.unicode.encoding" value="UnicodeLittle"/>
    <property name="mrj.version" value="1060.1.6.0_17-248"/>
    <property name="socksNonProxyHosts" value="local|*.local|169.254/16|*.169.254/16"/>
    <property name="ftp.nonProxyHosts" value="local|*.local|169.254/16|*.169.254/16"/>
    <property name="sun.cpu.isalist" value=""/>
  </properties>
  <testcase time="0.04" classname="org.openmrs.api.PatientServiceTest" name="getAllIdentifierValidators_shouldReturnAllRegisteredIdentifierValidators"/>
  <testcase time="0.041" classname="org.openmrs.api.PatientServiceTest" name="shouldGetPatient">
    <skipped/>
  </testcase>
  <testcase time="0.039" classname="org.openmrs.api.PatientServiceTest" name="shouldCreatePatient"/>
  <testcase time="0.067" classname="org.openmrs.api.PatientServiceTest" name="shouldCreatePatientWithValidatedIdentifier"/>
  <testcase time="0.041" classname="org.openmrs.api.PatientServiceTest" name="shouldGetPatientsByIdentifier"/>
  <testcase time="2.36" classname="org.openmrs.api.PatientServiceTest" name="shouldGetPatientsByNameShouldLimitSize"/>
  <testcase time="0.052" classname="org.openmrs.api.PatientServiceTest" name="shouldFindPatients"/>
  <testcase time="0.032" classname="org.openmrs.api.PatientServiceTest" name="shouldGetPatientsByIdentifierAndIdentifierType"/>
  <testcase time="0.03" classname="org.openmrs.api.PatientServiceTest" name="purgePatientIdentifierType_shouldDeleteTypeFromDatabase"/>
  <testcase time="0.04" classname="org.openmrs.api.PatientServiceTest" name="savePatientIdentifierType_shouldCreateNewType"/>
  <testcase time="0.045" classname="org.openmrs.api.PatientServiceTest" name="savePatientIdentifierType_shouldUpdateExistingType"/>
  <testcase time="0.046" classname="org.openmrs.api.PatientServiceTest" name="shouldAllowGettingPatientsThatWereCreatedByUsersWhoArePatients">
    <skipped/>
  </testcase>
  <testcase time="0.072" classname="org.openmrs.api.PatientServiceTest" name="getPatients_shouldNotAllowPercentageWildcardCharacter"/>
  <testcase time="0.042" classname="org.openmrs.api.PatientServiceTest" name="getPatients_shouldNotAllowAsteriskWildcardCharacter"/>
  <testcase time="0.055" classname="org.openmrs.api.PatientServiceTest" name="getPatients_shouldForceSearchStringToBeGreaterThanMinsearchcharactersGlobalProperty"/>
  <testcase time="0.044" classname="org.openmrs.api.PatientServiceTest" name="getPatients_shouldAllowSearchStringToBeOneAccordingToMinsearchcharactersGlobalProperty"/>
  <testcase time="0.054" classname="org.openmrs.api.PatientServiceTest" name="getPatient_shouldReturnNullObjectIfPatientIdDoesntExist"/>
  <testcase time="0.033" classname="org.openmrs.api.PatientServiceTest" name="mergePatients_shouldNotMergeTheSamePatientToItself"/>
  <testcase time="0.058" classname="org.openmrs.api.PatientServiceTest" name="savePatient_shouldCreateNewPatientFromExistingPersonPlusUserObject"/>
  <testcase time="0.046" classname="org.openmrs.api.PatientServiceTest" name="getPatients_shouldSearchFamilyName2WithName"/>
  <testcase time="0.059" classname="org.openmrs.api.PatientServiceTest" name="savePatient_shouldNotThrowANonUniqueObjectExceptionWhenCalledWithAHandConstructedPatientRegression1375"/>
  <testcase time="0.043" classname="org.openmrs.api.PatientServiceTest" name="shouldFetchNamesForPersonsThatWereFirstFetchedAsPatients"/>
  <testcase time="0.031" classname="org.openmrs.api.PatientServiceTest" name="shouldFetchAddressesForPersonsThatWereFirstFetchedAsPatients"/>
  <testcase time="0.036" classname="org.openmrs.api.PatientServiceTest" name="shouldFetchPersonAttributesForPersonsThatWereFirstFetchedAsPatients"/>
  <testcase time="0.035" classname="org.openmrs.api.PatientServiceTest" name="savePatient_shouldNotThrowANonUniqueObjectExceptionWhenCalledWithAHandConstructedPatient"/>
  <testcase time="0.036" classname="org.openmrs.api.PatientServiceTest" name="isIdentifierInUseByAnotherPatient_shouldIgnoreVoidedPatientIdentifiers"/>
  <testcase time="0.057" classname="org.openmrs.api.PatientServiceTest" name="isIdentifierInUseByAnotherPatient_shouldIgnoreVoidedPatients"/>
  <testcase time="0.169" classname="org.openmrs.api.PatientServiceTest" name="isIdentifierInUseByAnotherPatient_shouldReturnFalseWhenPatientIdentifierContainsAPatientAndNoOtherPatientHasThisId"/>
  <testcase time="0.038" classname="org.openmrs.api.PatientServiceTest" name="isIdentifierInUseByAnotherPatient_shouldReturnFalseWhenPatientIdentifierDoesNotContainAPatientAndNoPatientHasThisId"/>
  <testcase time="0.042" classname="org.openmrs.api.PatientServiceTest" name="isIdentifierInUseByAnotherPatient_shouldReturnTrueWhenPatientIdentifierContainsAPatientAndAnotherPatientHasThisId"/>
  <testcase time="0.035" classname="org.openmrs.api.PatientServiceTest" name="isIdentifierInUseByAnotherPatient_shouldReturnTrueWhenPatientIdentifierDoesNotContainAPatientAndAPatientHasThisId"/>
  <testcase time="0.04" classname="org.openmrs.api.PatientServiceTest" name="checkPatientIdentifiers_shouldIgnoreVoidedPatientIdentifier"/>
  <testcase time="0.03" classname="org.openmrs.api.PatientServiceTest" name="checkPatientIdentifiers_shouldRequireOneNonVoidedPatientIdentifier"/>
  <testcase time="0.044" classname="org.openmrs.api.PatientServiceTest" name="checkPatientIdentifiers_shouldRemoveIdentifierAndThrowErrorWhenPatientHasBlankPatientIdentifier"/>
  <testcase time="0.029" classname="org.openmrs.api.PatientServiceTest" name="checkPatientIdentifiers_shouldThrowErrorWhenPatientHasNullPatientIdentifiers"/>
  <testcase time="0.03" classname="org.openmrs.api.PatientServiceTest" name="checkPatientIdentifiers_shouldThrowErrorWhenPatientHasEmptyPatientIdentifiers"/>
  <testcase time="0.031" classname="org.openmrs.api.PatientServiceTest" name="checkPatientIdentifiers_shouldThrowErrorWhenPatientHasIdenticalIdentifiers">
    <skipped/>
  </testcase>
  <testcase time="0.032" classname="org.openmrs.api.PatientServiceTest" name="checkPatientIdentifiers_shouldThrowErrorWhenPatientDoesNotHaveOneOrMoreRequiredIdentifiers"/>
  <testcase time="0.029" classname="org.openmrs.api.PatientServiceTest" name="getAllIdentifierValidators_shouldReturnAllRegisteredPatientIdentifierValidators"/>
  <testcase time="0.034" classname="org.openmrs.api.PatientServiceTest" name="getAllPatientIdentifierTypes_shouldFetchAllNonRetiredPatientIdentifierTypes"/>
  <testcase time="0.03" classname="org.openmrs.api.PatientServiceTest" name="getAllPatientIdentifierTypes_shouldFetchPatientIdentifierTypesIncludingRetiredWhenIncludeRetiredIsTrue"/>
  <testcase time="0.035" classname="org.openmrs.api.PatientServiceTest" name="getAllPatientIdentifierTypes_shouldFetchPatientIdentifierTypesExcludingRetiredWhenIncludeRetiredIsFalse"/>
  <testcase time="0.029" classname="org.openmrs.api.PatientServiceTest" name="getIdentifierValidator_shouldReturnPatientIdentifierValidatorGivenClassName"/>
  <testcase time="0.041" classname="org.openmrs.api.PatientServiceTest" name="getPatient_shouldFetchPatientWithGivenPatientId"/>
  <testcase time="0.029" classname="org.openmrs.api.PatientServiceTest" name="getPatient_shouldReturnNullWhenPatientWithGivenPatientIdDoesNotExist"/>
  <testcase time="0.034" classname="org.openmrs.api.PatientServiceTest" name="getPatientByExample_shouldFetchPatientMatchingPatientIdOfGivenPatient"/>
  <testcase time="0.03" classname="org.openmrs.api.PatientServiceTest" name="getPatientByExample_shouldNotFetchPatientMatchingAnyOtherPatientInformation"/>
  <testcase time="0.035" classname="org.openmrs.api.PatientServiceTest" name="getPatientByExample_shouldReturnNullWhenNoPatientMatchesGivenPatientToMatch"/>
  <testcase time="0.031" classname="org.openmrs.api.PatientServiceTest" name="getPatientIdentifierType_shouldFetchPatientIdentifierWithGivenPatientIdentifierTypeId"/>
  <testcase time="0.035" classname="org.openmrs.api.PatientServiceTest" name="getPatientIdentifierType_shouldReturnNullWhenPatientIdentifierIdentifierDoesNotExist"/>
  <testcase time="0.036" classname="org.openmrs.api.PatientServiceTest" name="getPatientIdentifierTypeByName_shouldFetchPatientIdentifierTypeThatExactlyMatchesGivenName"/>
  <testcase time="0.041" classname="org.openmrs.api.PatientServiceTest" name="getPatientIdentifierTypeByName_shouldNotReturnPatientIdentifierTypeThatPartiallyMatchesGivenName"/>
  <testcase time="0.048" classname="org.openmrs.api.PatientServiceTest" name="getPatientIdentifierTypeByName_shouldReturnNullWhenPatientIdentifierTypeWithGivenNameDoesNotExist"/>
  <testcase time="0.054" classname="org.openmrs.api.PatientServiceTest" name="getPatientIdentifierTypeByUuid_shouldFetchPatientIdentifierTypeWithGivenUuid"/>
  <testcase time="0.046" classname="org.openmrs.api.PatientServiceTest" name="getPatientIdentifierTypeByUuid_shouldReturnNullWhenPatientIdentifierTypeWithGivenUuidDoesNotExist"/>
  <testcase time="0.054" classname="org.openmrs.api.PatientServiceTest" name="getPatientIdentifierTypes_shouldFetchPatientIdentifierTypesThatMatchGivenNameWithGivenFormat"/>
  <testcase time="0.041" classname="org.openmrs.api.PatientServiceTest" name="getPatientIdentifierTypes_shouldFetchRequiredPatientIdentifierTypesWhenGivenRequiredIsTrue"/>
  <testcase time="0.042" classname="org.openmrs.api.PatientServiceTest" name="getPatientIdentifierTypes_shouldFetchNonRequiredPatientIdentifierTypesWhenGivenRequiredIsFalse"/>
  <testcase time="0.041" classname="org.openmrs.api.PatientServiceTest" name="getPatientIdentifierTypes_shouldFetchAnyPatientIdentifierTypesWhenGivenRequiredIsNull"/>
  <testcase time="0.047" classname="org.openmrs.api.PatientServiceTest" name="getPatientIdentifierTypes_shouldFetchPatientIdentifierTypesWithCheckDigitWhenGivenHasCheckDigitIsTrue"/>
  <testcase time="0.035" classname="org.openmrs.api.PatientServiceTest" name="getPatientIdentifierTypes_shouldFetchPatientIdentifierTypesWithoutCheckDigitWhenGivenHasCheckDigitIsFalse"/>
  <testcase time="0.041" classname="org.openmrs.api.PatientServiceTest" name="getPatientIdentifierTypes_shouldFetchAnyPatientIdentifierTypesWhenGivenHasCheckDigitIsNull"/>
  <testcase time="0.043" classname="org.openmrs.api.PatientServiceTest" name="savePatientIdentifierType_shouldCreateNewPatientIdentifierType"/>
  <testcase time="0.056" classname="org.openmrs.api.PatientServiceTest" name="savePatientIdentifierType_shouldUpdateExistingPatientIdentifierType"/>
  <testcase time="0.051" classname="org.openmrs.api.PatientServiceTest" name="unretirePatientIdentifierType_shouldUntirePatientIdentifierType"/>
  <testcase time="0.097" classname="org.openmrs.api.PatientServiceTest" name="unretirePatientIdentifierType_shouldReturnUnretiredPatientIdentifierType"/>
  <testcase time="0.079" classname="org.openmrs.api.PatientServiceTest" name="unvoidPatient_shouldUnvoidGivenPatient"/>
  <testcase time="0.074" classname="org.openmrs.api.PatientServiceTest" name="unvoidPatient_shouldReturnUnvoidedPatient"/>
  <testcase time="0.061" classname="org.openmrs.api.PatientServiceTest" name="voidPatient_shouldVoidGivenPatientWithGivenReason"/>
  <testcase time="0.037" classname="org.openmrs.api.PatientServiceTest" name="voidPatient_shouldVoidAllPatientIdentifiersAssociatedWithGivenPatient"/>
  <testcase time="0.039" classname="org.openmrs.api.PatientServiceTest" name="voidPatient_shouldReturnVoidedPatientWithGivenReason"/>
  <testcase time="0.04" classname="org.openmrs.api.PatientServiceTest" name="voidPatient_shouldReturnNullWhenPatientIsNull">
    <skipped/>
  </testcase>
  <testcase time="0.033" classname="org.openmrs.api.PatientServiceTest" name="getPatientByUuid_shouldFindObjectGivenValidUuid"/>
  <testcase time="0.031" classname="org.openmrs.api.PatientServiceTest" name="getPatientByUuid_shouldReturnNullIfNoObjectFoundWithGivenUuid"/>
  <testcase time="0.032" classname="org.openmrs.api.PatientServiceTest" name="getPatientIdentifierByUuid_shouldFindObjectGivenValidUuid"/>
  <testcase time="0.032" classname="org.openmrs.api.PatientServiceTest" name="getPatientIdentifierByUuid_shouldReturnNullIfNoObjectFoundWithGivenUuid"/>
  <testcase time="0.03" classname="org.openmrs.api.PatientServiceTest" name="getPatientIdentifierTypeByUuid_shouldFindObjectGivenValidUuid"/>
  <testcase time="0.032" classname="org.openmrs.api.PatientServiceTest" name="getPatientIdentifierTypeByUuid_shouldReturnNullIfNoObjectFoundWithGivenUuid"/>
  <testcase time="0.097" classname="org.openmrs.api.PatientServiceTest" name="mergePatients_shouldCopyNonvoidedAddressesToPreferredPatient"/>
  <testcase time="0.087" classname="org.openmrs.api.PatientServiceTest" name="mergePatients_shouldCopyNonvoidedIdentifiersToPreferredPatient"/>
  <testcase time="0.113" classname="org.openmrs.api.PatientServiceTest" name="mergePatients_shouldCopyNonvoidedNamesToPreferredPatient"/>
  <testcase time="0.049" classname="org.openmrs.api.PatientServiceTest" name="getPatientByUuid_shouldFetchPateintWithGivenUuid"/>
  <testcase time="0.034" classname="org.openmrs.api.PatientServiceTest" name="getPatientByUuid_shouldReturnNullIfPatientNotFoundWithUuid"/>
  <testcase time="0.029" classname="org.openmrs.api.PatientServiceTest" name="getPatientIdentifierByUuid_shouldFetchPatientIdentifierWithGivenUuid"/>
  <testcase time="0.032" classname="org.openmrs.api.PatientServiceTest" name="getPatientIdentifierByUuid_shouldReturnNullIfPatientIdentifierNotFoundWithGivenUuid"/>
  <testcase time="0.099" classname="org.openmrs.api.PatientServiceTest" name="mergePatients_shouldNotCopyOverRelationshipsThatAreOnlyBetweenThePreferredAndNotpreferredPatient"/>
  <testcase time="0.036" classname="org.openmrs.api.PatientServiceTest" name="getPatientIdentifiers_shouldReturnOnlyNonVoidedPatientsAndPatientIdentifiers"/>
  <testcase time="0.044" classname="org.openmrs.api.PatientServiceTest" name="getPatients_shouldSupportSimpleRegex"/>
  <testcase time="0.066" classname="org.openmrs.api.PatientServiceTest" name="getPatients_shouldSupportPatternUsingLastDigitAsCheckDigit"/>
  <testcase time="0.036" classname="org.openmrs.api.PatientServiceTest" name="getPatientIdentifier_shouldReturnThePatientsIdentifier"/>
  <testcase time="0.036" classname="org.openmrs.api.PatientServiceTest" name="voidPatientIdentifier_shouldVoidGivenPatientIdentifierWithGivenReason"/>
  <testcase time="0.036" classname="org.openmrs.api.PatientServiceTest" name="savePatientIdentifier_shouldCreateNewPatientIndentifier"/>
  <testcase time="0.034" classname="org.openmrs.api.PatientServiceTest" name="savePatientIdentifier_shouldUpdateAnExistingPatientIdentifier"/>
  <testcase time="0.034" classname="org.openmrs.api.PatientServiceTest" name="purgePatientIdentifier_shouldDeletePatientIdentifierFromDatabase"/>
  <testcase time="0.031" classname="org.openmrs.api.PatientServiceTest" name="savePatientIdentifier_shouldThrowAnAPIExceptionWhenANullArgumentIsPassed"/>
  <testcase time="0.034" classname="org.openmrs.api.PatientServiceTest" name="savePatientIdentifier_shouldThrowAnAPIExceptionWhenOneOfTheRequiredFieldsIsNull"/>
  <testcase time="0.031" classname="org.openmrs.api.PatientServiceTest" name="savePatientIdentifier_shouldThrowAnAPIExceptionIfThePatientIdentifierStringIsAWhiteSpace"/>
  <testcase time="0.032" classname="org.openmrs.api.PatientServiceTest" name="savePatientIdentifier_shouldThrowAnAPIExceptionIfThePatientIdentifierStringIsAnEmptyString"/>
  <testcase time="0.029" classname="org.openmrs.api.PatientServiceTest" name="voidPatientIdentifier_shouldThrowAnAPIExceptionIfTheReasonIsNull"/>
  <testcase time="0.032" classname="org.openmrs.api.PatientServiceTest" name="voidPatientIdentifier_shouldThrowAnAPIExceptionIfTheReasonIsAnEmptyString"/>
  <testcase time="0.03" classname="org.openmrs.api.PatientServiceTest" name="voidPatientIdentifier_shouldThrowAnAPIExceptionIfTheReasonIsAWhiteSpaceCharacter"/>
  <testcase time="0.115" classname="org.openmrs.api.PatientServiceTest" name="searchPatient_shouldThrowAnAPIExceptionIftheGivenNameIsNull">
    <failure message="expected:&lt;1&gt; but was:&lt;0&gt;" type="java.lang.AssertionError">java.lang.AssertionError: expected:&lt;1&gt; but was:&lt;0&gt;
	at org.junit.Assert.fail(Assert.java:74)
	at org.junit.Assert.failNotEquals(Assert.java:448)
	at org.junit.Assert.assertEquals(Assert.java:102)
	at org.junit.Assert.assertEquals(Assert.java:323)
	at org.junit.Assert.assertEquals(Assert.java:319)
	at org.openmrs.api.PatientServiceTest.searchPatient_shouldThrowAnAPIExceptionIftheGivenNameIsNull(PatientServiceTest.java:1928)
	at sun.reflect.NativeMethodAccessorImpl.invoke0(Native Method)
	at sun.reflect.NativeMethodAccessorImpl.invoke(NativeMethodAccessorImpl.java:39)
	at sun.reflect.DelegatingMethodAccessorImpl.invoke(DelegatingMethodAccessorImpl.java:25)
	at java.lang.reflect.Method.invoke(Method.java:597)
	at org.springframework.test.context.junit4.SpringTestMethod.invoke(SpringTestMethod.java:160)
	at org.springframework.test.context.junit4.SpringMethodRoadie.runTestMethod(SpringMethodRoadie.java:233)
	at org.springframework.test.context.junit4.SpringMethodRoadie$RunBeforesThenTestThenAfters.run(SpringMethodRoadie.java:333)
	at org.springframework.test.context.junit4.SpringMethodRoadie.runWithRepetitions(SpringMethodRoadie.java:217)
	at org.springframework.test.context.junit4.SpringMethodRoadie.runTest(SpringMethodRoadie.java:197)
	at org.springframework.test.context.junit4.SpringMethodRoadie.run(SpringMethodRoadie.java:143)
	at org.springframework.test.context.junit4.SpringJUnit4ClassRunner.invokeTestMethod(SpringJUnit4ClassRunner.java:160)
	at org.junit.internal.runners.JUnit4ClassRunner.runMethods(JUnit4ClassRunner.java:51)
	at org.junit.internal.runners.JUnit4ClassRunner$1.run(JUnit4ClassRunner.java:44)
	at org.junit.internal.runners.ClassRoadie.runUnprotected(ClassRoadie.java:27)
	at org.junit.internal.runners.ClassRoadie.runProtected(ClassRoadie.java:37)
	at org.junit.internal.runners.JUnit4ClassRunner.run(JUnit4ClassRunner.java:42)
	at org.springframework.test.context.junit4.SpringJUnit4ClassRunner.run(SpringJUnit4ClassRunner.java:97)
	at org.apache.maven.surefire.junit4.JUnit4TestSet.execute(JUnit4TestSet.java:62)
	at org.apache.maven.surefire.suite.AbstractDirectoryTestSuite.executeTestSet(AbstractDirectoryTestSuite.java:140)
	at org.apache.maven.surefire.suite.AbstractDirectoryTestSuite.execute(AbstractDirectoryTestSuite.java:127)
	at org.apache.maven.surefire.Surefire.run(Surefire.java:177)
	at sun.reflect.NativeMethodAccessorImpl.invoke0(Native Method)
	at sun.reflect.NativeMethodAccessorImpl.invoke(NativeMethodAccessorImpl.java:39)
	at sun.reflect.DelegatingMethodAccessorImpl.invoke(DelegatingMethodAccessorImpl.java:25)
	at java.lang.reflect.Method.invoke(Method.java:597)
	at org.apache.maven.surefire.booter.SurefireBooter.runSuitesInProcess(SurefireBooter.java:345)
	at org.apache.maven.surefire.booter.SurefireBooter.main(SurefireBooter.java:1009)
</failure>
  </testcase>
</testsuite>